Connecting to database specified by database.yml
Connecting to database specified by database.yml
Connecting to database specified by database.yml
  [1m[36m (109.9ms)[0m  [1mCREATE TABLE `schema_migrations` (`version` varchar(255) NOT NULL) ENGINE=InnoDB[0m
  [1m[35m (233.2ms)[0m  CREATE UNIQUE INDEX `unique_schema_migrations` ON `schema_migrations` (`version`)
  [1m[36m (16.5ms)[0m  [1mSELECT `schema_migrations`.`version` FROM `schema_migrations` [0m
Migrating to CreateStudents (20141016062617)
  [1m[35m (116.1ms)[0m  CREATE TABLE `students` (`id` int(11) DEFAULT NULL auto_increment PRIMARY KEY, `name` varchar(255), `email` varchar(255), `password` varchar(255), `image` varchar(255), `address` varchar(255), `image_file_size` int(11), `image_file_name` varchar(255), `image_content_type` varchar(255), `created_at` datetime NOT NULL, `updated_at` datetime NOT NULL) ENGINE=InnoDB
  [1m[36m (49.1ms)[0m  [1mINSERT INTO `schema_migrations` (`version`) VALUES ('20141016062617')[0m
  [1m[35m (0.4ms)[0m  SELECT `schema_migrations`.`version` FROM `schema_migrations` 
Connecting to database specified by database.yml


Started GET "/" for 127.0.0.1 at 2014-10-16 12:13:22 +0530
Processing by StudentsController#new as HTML
  Rendered students/new.html.erb within layouts/application (32.1ms)
Completed 500 Internal Server Error in 62ms

ActionView::Template::Error (undefined method `model_name' for NilClass:Class):
    1: <%= form_for @student do|f| %>
    2: 	<%= f.label :name %>
    3: 	<%= f.text_field :name %></br>
    4: 	<%= f.label :email %>
  app/views/students/new.html.erb:1:in `_app_views_students_new_html_erb___2370786340741969238_36277200'


  Rendered /home/raman/.rvm/gems/ruby-1.9.3-p448@mobilous/gems/actionpack-3.2.13/lib/action_dispatch/middleware/templates/rescues/_trace.erb (1.4ms)
  Rendered /home/raman/.rvm/gems/ruby-1.9.3-p448@mobilous/gems/actionpack-3.2.13/lib/action_dispatch/middleware/templates/rescues/_request_and_response.erb (1.0ms)
  Rendered /home/raman/.rvm/gems/ruby-1.9.3-p448@mobilous/gems/actionpack-3.2.13/lib/action_dispatch/middleware/templates/rescues/template_error.erb within rescues/layout (8.8ms)


Started GET "/" for 127.0.0.1 at 2014-10-16 12:13:53 +0530
Processing by StudentsController#new as HTML
  Rendered students/new.html.erb within layouts/application (55.9ms)
Completed 500 Internal Server Error in 161ms

ActionView::Template::Error (undefined method `addtess' for #<Student:0x007f2284972400>):
    6: 	<%= f.label :password %>
    7: 	<%= f.password_field :password %>
    8: 	<%= f.label :address %>
    9: 	<%= f.text_field :addtess %>
    10: 	<%= f.label :image %>
    11: 	<%= f.file_field :image %>
    12: <%end%>
  app/views/students/new.html.erb:9:in `block in _app_views_students_new_html_erb___2370786340741969238_36277200'
  app/views/students/new.html.erb:1:in `_app_views_students_new_html_erb___2370786340741969238_36277200'


  Rendered /home/raman/.rvm/gems/ruby-1.9.3-p448@mobilous/gems/actionpack-3.2.13/lib/action_dispatch/middleware/templates/rescues/_trace.erb (1.3ms)
  Rendered /home/raman/.rvm/gems/ruby-1.9.3-p448@mobilous/gems/actionpack-3.2.13/lib/action_dispatch/middleware/templates/rescues/_request_and_response.erb (0.9ms)
  Rendered /home/raman/.rvm/gems/ruby-1.9.3-p448@mobilous/gems/actionpack-3.2.13/lib/action_dispatch/middleware/templates/rescues/template_error.erb within rescues/layout (7.8ms)


Started GET "/" for 127.0.0.1 at 2014-10-16 12:14:10 +0530
Processing by StudentsController#new as HTML
  Rendered students/new.html.erb within layouts/application (9.5ms)
Compiled students.css  (42ms)  (pid 3835)
Compiled application.css  (48ms)  (pid 3835)
Compiled jquery.js  (21ms)  (pid 3835)
Compiled jquery_ujs.js  (0ms)  (pid 3835)
Compiled students.js  (183ms)  (pid 3835)
Compiled application.js  (234ms)  (pid 3835)
Completed 200 OK in 366ms (Views: 365.1ms | ActiveRecord: 0.0ms)


Started GET "/assets/application.css?body=1" for 127.0.0.1 at 2014-10-16 12:14:11 +0530
Served asset /application.css - 200 OK (37ms)


Started GET "/assets/students.css?body=1" for 127.0.0.1 at 2014-10-16 12:14:11 +0530
Served asset /students.css - 200 OK (2ms)


Started GET "/assets/jquery_ujs.js?body=1" for 127.0.0.1 at 2014-10-16 12:14:11 +0530
Served asset /jquery_ujs.js - 200 OK (5ms)


Started GET "/assets/jquery.js?body=1" for 127.0.0.1 at 2014-10-16 12:14:11 +0530
Served asset /jquery.js - 200 OK (7ms)


Started GET "/assets/students.js?body=1" for 127.0.0.1 at 2014-10-16 12:14:11 +0530
Served asset /students.js - 200 OK (2ms)


Started GET "/assets/application.js?body=1" for 127.0.0.1 at 2014-10-16 12:14:11 +0530
Served asset /application.js - 200 OK (6ms)


Started GET "/" for 127.0.0.1 at 2014-10-16 12:14:56 +0530
Processing by StudentsController#new as HTML
  Rendered students/new.html.erb within layouts/application (7.4ms)
Completed 200 OK in 18ms (Views: 17.5ms | ActiveRecord: 0.0ms)


Started GET "/assets/application.css?body=1" for 127.0.0.1 at 2014-10-16 12:14:56 +0530
Served asset /application.css - 304 Not Modified (0ms)


Started GET "/assets/students.css?body=1" for 127.0.0.1 at 2014-10-16 12:14:56 +0530
Served asset /students.css - 304 Not Modified (4ms)


Started GET "/assets/jquery.js?body=1" for 127.0.0.1 at 2014-10-16 12:14:57 +0530
Served asset /jquery.js - 304 Not Modified (2ms)


Started GET "/assets/jquery_ujs.js?body=1" for 127.0.0.1 at 2014-10-16 12:14:57 +0530
Served asset /jquery_ujs.js - 304 Not Modified (0ms)


Started GET "/assets/students.js?body=1" for 127.0.0.1 at 2014-10-16 12:14:57 +0530
Served asset /students.js - 304 Not Modified (0ms)


Started GET "/assets/application.js?body=1" for 127.0.0.1 at 2014-10-16 12:14:57 +0530
Served asset /application.js - 304 Not Modified (1ms)


Started GET "/" for 127.0.0.1 at 2014-10-16 12:21:59 +0530
Processing by StudentsController#new as HTML
  Rendered students/new.html.erb within layouts/application (4.5ms)
Completed 200 OK in 45ms (Views: 31.9ms | ActiveRecord: 1.1ms)


Started GET "/assets/application.css?body=1" for 127.0.0.1 at 2014-10-16 12:21:59 +0530
Served asset /application.css - 304 Not Modified (0ms)


Started GET "/assets/students.js?body=1" for 127.0.0.1 at 2014-10-16 12:22:00 +0530
Served asset /students.js - 304 Not Modified (4ms)


Started GET "/assets/jquery_ujs.js?body=1" for 127.0.0.1 at 2014-10-16 12:22:00 +0530
Served asset /jquery_ujs.js - 304 Not Modified (0ms)


Started GET "/assets/jquery.js?body=1" for 127.0.0.1 at 2014-10-16 12:22:00 +0530
Served asset /jquery.js - 304 Not Modified (2ms)


Started GET "/assets/students.css?body=1" for 127.0.0.1 at 2014-10-16 12:22:00 +0530
Served asset /students.css - 304 Not Modified (0ms)


Started GET "/assets/application.js?body=1" for 127.0.0.1 at 2014-10-16 12:22:00 +0530
Served asset /application.js - 304 Not Modified (3ms)


Started GET "/" for 127.0.0.1 at 2014-10-16 12:23:14 +0530
Processing by StudentsController#new as HTML
  Rendered students/new.html.erb within layouts/application (3.8ms)
Completed 200 OK in 13ms (Views: 11.8ms | ActiveRecord: 0.0ms)


Started GET "/assets/application.css?body=1" for 127.0.0.1 at 2014-10-16 12:23:14 +0530
Served asset /application.css - 304 Not Modified (0ms)


Started GET "/assets/students.css?body=1" for 127.0.0.1 at 2014-10-16 12:23:14 +0530
Served asset /students.css - 304 Not Modified (0ms)


Started GET "/assets/jquery.js?body=1" for 127.0.0.1 at 2014-10-16 12:23:14 +0530
Served asset /jquery.js - 304 Not Modified (13ms)


Started GET "/assets/jquery_ujs.js?body=1" for 127.0.0.1 at 2014-10-16 12:23:14 +0530
Served asset /jquery_ujs.js - 304 Not Modified (0ms)


Started GET "/assets/students.js?body=1" for 127.0.0.1 at 2014-10-16 12:23:14 +0530
Served asset /students.js - 304 Not Modified (0ms)


Started GET "/assets/application.js?body=1" for 127.0.0.1 at 2014-10-16 12:23:14 +0530
Served asset /application.js - 304 Not Modified (1ms)


Started POST "/students" for 127.0.0.1 at 2014-10-16 12:23:32 +0530
Processing by StudentsController#create as HTML
  Parameters: {"utf8"=>"✓", "authenticity_token"=>"PC9NJLgntWsAsgIDEEpySjSgUvnYqFYydNCUyMtxHdA=", "student"=>{"name"=>"suresh", "email"=>"saisuresh@gmail.com", "password"=>"[FILTERED]", "address"=>"hyderabad", "image"=>#<ActionDispatch::Http::UploadedFile:0x007f22849d69a0 @original_filename="058.jpg", @content_type="image/jpeg", @headers="Content-Disposition: form-data; name=\"student[image]\"; filename=\"058.jpg\"\r\nContent-Type: image/jpeg\r\n", @tempfile=#<File:/tmp/RackMultipart20141016-3835-1u7iop5>>}, "commit"=>"submit"}
  [1m[36m (0.3ms)[0m  [1mBEGIN[0m
  [1m[35m (0.2ms)[0m  ROLLBACK
Completed 500 Internal Server Error in 123ms

NoMethodError (undefined method `name' for nil:NilClass):
  app/controllers/students_controller.rb:7:in `create'


  Rendered /home/raman/.rvm/gems/ruby-1.9.3-p448@mobilous/gems/actionpack-3.2.13/lib/action_dispatch/middleware/templates/rescues/_trace.erb (1.3ms)
  Rendered /home/raman/.rvm/gems/ruby-1.9.3-p448@mobilous/gems/actionpack-3.2.13/lib/action_dispatch/middleware/templates/rescues/_request_and_response.erb (1.1ms)
  Rendered /home/raman/.rvm/gems/ruby-1.9.3-p448@mobilous/gems/actionpack-3.2.13/lib/action_dispatch/middleware/templates/rescues/diagnostics.erb within rescues/layout (7.8ms)


Started POST "/students" for 127.0.0.1 at 2014-10-16 12:28:58 +0530
Processing by StudentsController#create as HTML
  Parameters: {"utf8"=>"✓", "authenticity_token"=>"PC9NJLgntWsAsgIDEEpySjSgUvnYqFYydNCUyMtxHdA=", "student"=>{"name"=>"suresh", "email"=>"saisuresh@gmail.com", "password"=>"[FILTERED]", "address"=>"hyderabad", "image"=>#<ActionDispatch::Http::UploadedFile:0x007f228486cd80 @original_filename="058.jpg", @content_type="image/jpeg", @headers="Content-Disposition: form-data; name=\"student[image]\"; filename=\"058.jpg\"\r\nContent-Type: image/jpeg\r\n", @tempfile=#<File:/tmp/RackMultipart20141016-3835-1patmze>>}, "commit"=>"submit"}
  [1m[36m (0.1ms)[0m  [1mBEGIN[0m
  [1m[35m (0.1ms)[0m  ROLLBACK
Completed 500 Internal Server Error in 7ms

NoMethodError (undefined method `name' for nil:NilClass):
  app/controllers/students_controller.rb:7:in `create'


  Rendered /home/raman/.rvm/gems/ruby-1.9.3-p448@mobilous/gems/actionpack-3.2.13/lib/action_dispatch/middleware/templates/rescues/_trace.erb (1.3ms)
  Rendered /home/raman/.rvm/gems/ruby-1.9.3-p448@mobilous/gems/actionpack-3.2.13/lib/action_dispatch/middleware/templates/rescues/_request_and_response.erb (1.1ms)
  Rendered /home/raman/.rvm/gems/ruby-1.9.3-p448@mobilous/gems/actionpack-3.2.13/lib/action_dispatch/middleware/templates/rescues/diagnostics.erb within rescues/layout (7.9ms)


Started GET "/" for 127.0.0.1 at 2014-10-16 12:31:50 +0530
Processing by StudentsController#new as HTML
  Rendered students/new.html.erb within layouts/application (6.7ms)
Completed 200 OK in 15ms (Views: 15.0ms | ActiveRecord: 0.0ms)


Started GET "/assets/application.css?body=1" for 127.0.0.1 at 2014-10-16 12:31:50 +0530
Served asset /application.css - 304 Not Modified (0ms)


Started GET "/assets/students.css?body=1" for 127.0.0.1 at 2014-10-16 12:31:51 +0530
Served asset /students.css - 304 Not Modified (0ms)


Started GET "/assets/jquery.js?body=1" for 127.0.0.1 at 2014-10-16 12:31:51 +0530
Served asset /jquery.js - 304 Not Modified (6ms)


Started GET "/assets/jquery_ujs.js?body=1" for 127.0.0.1 at 2014-10-16 12:31:51 +0530
Served asset /jquery_ujs.js - 304 Not Modified (0ms)


Started GET "/assets/students.js?body=1" for 127.0.0.1 at 2014-10-16 12:31:51 +0530
Served asset /students.js - 304 Not Modified (0ms)


Started GET "/assets/application.js?body=1" for 127.0.0.1 at 2014-10-16 12:31:51 +0530
Served asset /application.js - 304 Not Modified (1ms)


Started POST "/students" for 127.0.0.1 at 2014-10-16 12:33:09 +0530
Processing by StudentsController#create as HTML
  Parameters: {"utf8"=>"✓", "authenticity_token"=>"PC9NJLgntWsAsgIDEEpySjSgUvnYqFYydNCUyMtxHdA=", "student"=>{"name"=>"suresh", "email"=>"saisuresh@gmail.com", "password"=>"[FILTERED]", "address"=>"hyderabad", "image"=>#<ActionDispatch::Http::UploadedFile:0x007f22845a4288 @original_filename="058.jpg", @content_type="image/jpeg", @headers="Content-Disposition: form-data; name=\"student[image]\"; filename=\"058.jpg\"\r\nContent-Type: image/jpeg\r\n", @tempfile=#<File:/tmp/RackMultipart20141016-3835-my1vcf>>}, "commit"=>"submit"}
  [1m[36m (0.2ms)[0m  [1mBEGIN[0m
  [1m[35m (0.1ms)[0m  ROLLBACK
Completed 500 Internal Server Error in 6ms

NoMethodError (undefined method `name' for nil:NilClass):
  app/controllers/students_controller.rb:7:in `create'


  Rendered /home/raman/.rvm/gems/ruby-1.9.3-p448@mobilous/gems/actionpack-3.2.13/lib/action_dispatch/middleware/templates/rescues/_trace.erb (1.4ms)
  Rendered /home/raman/.rvm/gems/ruby-1.9.3-p448@mobilous/gems/actionpack-3.2.13/lib/action_dispatch/middleware/templates/rescues/_request_and_response.erb (1.1ms)
  Rendered /home/raman/.rvm/gems/ruby-1.9.3-p448@mobilous/gems/actionpack-3.2.13/lib/action_dispatch/middleware/templates/rescues/diagnostics.erb within rescues/layout (8.1ms)


Started POST "/students" for 127.0.0.1 at 2014-10-16 12:44:22 +0530
Processing by StudentsController#create as HTML
  Parameters: {"utf8"=>"✓", "authenticity_token"=>"PC9NJLgntWsAsgIDEEpySjSgUvnYqFYydNCUyMtxHdA=", "student"=>{"name"=>"suresh", "email"=>"saisuresh@gmail.com", "password"=>"[FILTERED]", "address"=>"hyderabad", "image"=>#<ActionDispatch::Http::UploadedFile:0x007f22848893e0 @original_filename="058.jpg", @content_type="image/jpeg", @headers="Content-Disposition: form-data; name=\"student[image]\"; filename=\"058.jpg\"\r\nContent-Type: image/jpeg\r\n", @tempfile=#<File:/tmp/RackMultipart20141016-3835-9sxi5t>>}, "commit"=>"submit"}
  [1m[36m (0.1ms)[0m  [1mBEGIN[0m
  [1m[35m (0.1ms)[0m  ROLLBACK
Completed 500 Internal Server Error in 16ms

NoMethodError (undefined method `name' for nil:NilClass):
  app/controllers/students_controller.rb:7:in `create'


  Rendered /home/raman/.rvm/gems/ruby-1.9.3-p448@mobilous/gems/actionpack-3.2.13/lib/action_dispatch/middleware/templates/rescues/_trace.erb (1.5ms)
  Rendered /home/raman/.rvm/gems/ruby-1.9.3-p448@mobilous/gems/actionpack-3.2.13/lib/action_dispatch/middleware/templates/rescues/_request_and_response.erb (1.1ms)
  Rendered /home/raman/.rvm/gems/ruby-1.9.3-p448@mobilous/gems/actionpack-3.2.13/lib/action_dispatch/middleware/templates/rescues/diagnostics.erb within rescues/layout (8.4ms)


Started GET "/" for 127.0.0.1 at 2014-10-16 12:47:42 +0530
Processing by StudentsController#new as HTML
  Rendered students/new.html.erb within layouts/application (4.1ms)
Completed 200 OK in 27ms (Views: 12.0ms | ActiveRecord: 2.2ms)


Started GET "/assets/application.css?body=1" for 127.0.0.1 at 2014-10-16 12:47:42 +0530
Served asset /application.css - 304 Not Modified (0ms)


Started GET "/assets/students.js?body=1" for 127.0.0.1 at 2014-10-16 12:47:42 +0530
Served asset /students.js - 304 Not Modified (0ms)


Started GET "/assets/students.css?body=1" for 127.0.0.1 at 2014-10-16 12:47:42 +0530
Served asset /students.css - 304 Not Modified (0ms)


Started GET "/assets/application.js?body=1" for 127.0.0.1 at 2014-10-16 12:47:42 +0530
Served asset /application.js - 304 Not Modified (1ms)


Started GET "/assets/jquery_ujs.js?body=1" for 127.0.0.1 at 2014-10-16 12:47:42 +0530
Served asset /jquery_ujs.js - 304 Not Modified (0ms)


Started GET "/assets/jquery.js?body=1" for 127.0.0.1 at 2014-10-16 12:47:42 +0530
Served asset /jquery.js - 304 Not Modified (0ms)


Started GET "/" for 127.0.0.1 at 2014-10-16 12:47:54 +0530
Processing by StudentsController#new as HTML
  Rendered students/new.html.erb within layouts/application (3.0ms)
Completed 200 OK in 12ms (Views: 10.9ms | ActiveRecord: 0.0ms)


Started GET "/assets/students.css?body=1" for 127.0.0.1 at 2014-10-16 12:47:54 +0530
Served asset /students.css - 304 Not Modified (0ms)


Started GET "/assets/application.css?body=1" for 127.0.0.1 at 2014-10-16 12:47:54 +0530
Served asset /application.css - 304 Not Modified (0ms)


Started GET "/assets/jquery.js?body=1" for 127.0.0.1 at 2014-10-16 12:47:54 +0530
Served asset /jquery.js - 304 Not Modified (4ms)


Started GET "/assets/students.js?body=1" for 127.0.0.1 at 2014-10-16 12:47:54 +0530
Served asset /students.js - 304 Not Modified (0ms)


Started GET "/assets/jquery_ujs.js?body=1" for 127.0.0.1 at 2014-10-16 12:47:54 +0530
Served asset /jquery_ujs.js - 304 Not Modified (0ms)


Started GET "/assets/application.js?body=1" for 127.0.0.1 at 2014-10-16 12:47:54 +0530
Served asset /application.js - 304 Not Modified (1ms)


Started POST "/students" for 127.0.0.1 at 2014-10-16 12:48:17 +0530
Processing by StudentsController#create as HTML
  Parameters: {"utf8"=>"✓", "authenticity_token"=>"PC9NJLgntWsAsgIDEEpySjSgUvnYqFYydNCUyMtxHdA=", "student"=>{"name"=>"suresh", "email"=>"saisuresh@gmail.com", "password"=>"[FILTERED]", "address"=>"hyderabad", "image"=>#<ActionDispatch::Http::UploadedFile:0x0000000428a010 @original_filename="20141003_093707.jpg", @content_type="image/jpeg", @headers="Content-Disposition: form-data; name=\"student[image]\"; filename=\"20141003_093707.jpg\"\r\nContent-Type: image/jpeg\r\n", @tempfile=#<File:/tmp/RackMultipart20141016-3835-1hvh5ju>>}, "commit"=>"submit"}
  [1m[36m (0.2ms)[0m  [1mBEGIN[0m
  [1m[35m (0.1ms)[0m  ROLLBACK
Completed 500 Internal Server Error in 7ms

NoMethodError (undefined method `name' for nil:NilClass):
  app/controllers/students_controller.rb:7:in `create'


  Rendered /home/raman/.rvm/gems/ruby-1.9.3-p448@mobilous/gems/actionpack-3.2.13/lib/action_dispatch/middleware/templates/rescues/_trace.erb (1.3ms)
  Rendered /home/raman/.rvm/gems/ruby-1.9.3-p448@mobilous/gems/actionpack-3.2.13/lib/action_dispatch/middleware/templates/rescues/_request_and_response.erb (1.1ms)
  Rendered /home/raman/.rvm/gems/ruby-1.9.3-p448@mobilous/gems/actionpack-3.2.13/lib/action_dispatch/middleware/templates/rescues/diagnostics.erb within rescues/layout (7.9ms)
Connecting to database specified by database.yml


Started GET "/" for 127.0.0.1 at 2014-10-16 12:52:08 +0530
Processing by StudentsController#new as HTML
  Rendered students/new.html.erb within layouts/application (25.6ms)
Completed 200 OK in 112ms (Views: 50.9ms | ActiveRecord: 2.5ms)


Started GET "/assets/application.css?body=1" for 127.0.0.1 at 2014-10-16 12:52:09 +0530
Served asset /application.css - 304 Not Modified (2ms)


Started GET "/assets/students.css?body=1" for 127.0.0.1 at 2014-10-16 12:52:09 +0530
Served asset /students.css - 304 Not Modified (1ms)


Started GET "/assets/jquery.js?body=1" for 127.0.0.1 at 2014-10-16 12:52:09 +0530
Served asset /jquery.js - 304 Not Modified (7ms)


Started GET "/assets/jquery_ujs.js?body=1" for 127.0.0.1 at 2014-10-16 12:52:09 +0530
Served asset /jquery_ujs.js - 304 Not Modified (4ms)


Started GET "/assets/students.js?body=1" for 127.0.0.1 at 2014-10-16 12:52:09 +0530
Served asset /students.js - 304 Not Modified (2ms)


Started GET "/assets/application.js?body=1" for 127.0.0.1 at 2014-10-16 12:52:09 +0530
Served asset /application.js - 304 Not Modified (5ms)


Started POST "/students" for 127.0.0.1 at 2014-10-16 12:52:31 +0530
Processing by StudentsController#create as HTML
  Parameters: {"utf8"=>"✓", "authenticity_token"=>"+RWO5Of4Aw3GwNHog3Vj4nH2DPE9Nm00++5hV52drsE=", "student"=>{"name"=>"suresh", "email"=>"saisuresh@gmail.com", "password"=>"[FILTERED]", "address"=>"hyderabad", "image"=>#<ActionDispatch::Http::UploadedFile:0x007fa134c1cde8 @original_filename="20141003_093707(1).jpg", @content_type="image/jpeg", @headers="Content-Disposition: form-data; name=\"student[image]\"; filename=\"20141003_093707(1).jpg\"\r\nContent-Type: image/jpeg\r\n", @tempfile=#<File:/tmp/RackMultipart20141016-4741-29j0hr>>}, "commit"=>"submit"}
  [1m[36m (0.1ms)[0m  [1mBEGIN[0m
  [1m[35m (0.1ms)[0m  ROLLBACK
Completed 500 Internal Server Error in 32ms

NoMethodError (undefined method `name' for nil:NilClass):
  app/controllers/students_controller.rb:7:in `create'


  Rendered /home/raman/.rvm/gems/ruby-1.9.3-p448@mobilous/gems/actionpack-3.2.13/lib/action_dispatch/middleware/templates/rescues/_trace.erb (1.3ms)
  Rendered /home/raman/.rvm/gems/ruby-1.9.3-p448@mobilous/gems/actionpack-3.2.13/lib/action_dispatch/middleware/templates/rescues/_request_and_response.erb (1.2ms)
  Rendered /home/raman/.rvm/gems/ruby-1.9.3-p448@mobilous/gems/actionpack-3.2.13/lib/action_dispatch/middleware/templates/rescues/diagnostics.erb within rescues/layout (8.0ms)


Started GET "/" for 127.0.0.1 at 2014-10-16 12:53:44 +0530
Processing by StudentsController#new as HTML
  Rendered students/new.html.erb within layouts/application (9.1ms)
Completed 200 OK in 24ms (Views: 23.2ms | ActiveRecord: 0.0ms)


Started GET "/assets/application.css?body=1" for 127.0.0.1 at 2014-10-16 12:53:44 +0530
Served asset /application.css - 304 Not Modified (0ms)


Started GET "/assets/students.css?body=1" for 127.0.0.1 at 2014-10-16 12:53:44 +0530
Served asset /students.css - 304 Not Modified (1ms)


Started GET "/assets/jquery.js?body=1" for 127.0.0.1 at 2014-10-16 12:53:44 +0530
Served asset /jquery.js - 304 Not Modified (1ms)


Started GET "/assets/jquery_ujs.js?body=1" for 127.0.0.1 at 2014-10-16 12:53:44 +0530
Served asset /jquery_ujs.js - 304 Not Modified (0ms)


Started GET "/assets/students.js?body=1" for 127.0.0.1 at 2014-10-16 12:53:44 +0530
Served asset /students.js - 304 Not Modified (0ms)


Started GET "/assets/application.js?body=1" for 127.0.0.1 at 2014-10-16 12:53:44 +0530
Served asset /application.js - 304 Not Modified (1ms)


Started POST "/students/new" for 127.0.0.1 at 2014-10-16 12:54:08 +0530

ActionController::RoutingError (No route matches [POST] "/students/new"):
  actionpack (3.2.13) lib/action_dispatch/middleware/debug_exceptions.rb:21:in `call'
  actionpack (3.2.13) lib/action_dispatch/middleware/show_exceptions.rb:56:in `call'
  railties (3.2.13) lib/rails/rack/logger.rb:32:in `call_app'
  railties (3.2.13) lib/rails/rack/logger.rb:16:in `block in call'
  activesupport (3.2.13) lib/active_support/tagged_logging.rb:22:in `tagged'
  railties (3.2.13) lib/rails/rack/logger.rb:16:in `call'
  actionpack (3.2.13) lib/action_dispatch/middleware/request_id.rb:22:in `call'
  rack (1.4.5) lib/rack/methodoverride.rb:21:in `call'
  rack (1.4.5) lib/rack/runtime.rb:17:in `call'
  activesupport (3.2.13) lib/active_support/cache/strategy/local_cache.rb:72:in `call'
  rack (1.4.5) lib/rack/lock.rb:15:in `call'
  actionpack (3.2.13) lib/action_dispatch/middleware/static.rb:63:in `call'
  railties (3.2.13) lib/rails/engine.rb:479:in `call'
  railties (3.2.13) lib/rails/application.rb:223:in `call'
  rack (1.4.5) lib/rack/content_length.rb:14:in `call'
  railties (3.2.13) lib/rails/rack/log_tailer.rb:17:in `call'
  rack (1.4.5) lib/rack/handler/webrick.rb:59:in `service'
  /home/raman/.rvm/rubies/ruby-1.9.3-p448/lib/ruby/1.9.1/webrick/httpserver.rb:138:in `service'
  /home/raman/.rvm/rubies/ruby-1.9.3-p448/lib/ruby/1.9.1/webrick/httpserver.rb:94:in `run'
  /home/raman/.rvm/rubies/ruby-1.9.3-p448/lib/ruby/1.9.1/webrick/server.rb:191:in `block in start_thread'


  Rendered /home/raman/.rvm/gems/ruby-1.9.3-p448@mobilous/gems/actionpack-3.2.13/lib/action_dispatch/middleware/templates/rescues/routing_error.erb within rescues/layout (0.8ms)


Started GET "/students/new" for 127.0.0.1 at 2014-10-16 12:59:11 +0530
Processing by StudentsController#new as HTML
  Rendered students/new.html.erb within layouts/application (6.3ms)
Completed 200 OK in 19ms (Views: 18.0ms | ActiveRecord: 0.0ms)


Started GET "/assets/application.css?body=1" for 127.0.0.1 at 2014-10-16 12:59:11 +0530
Served asset /application.css - 304 Not Modified (0ms)


Started GET "/assets/jquery.js?body=1" for 127.0.0.1 at 2014-10-16 12:59:11 +0530
Served asset /jquery.js - 304 Not Modified (6ms)


Started GET "/assets/jquery_ujs.js?body=1" for 127.0.0.1 at 2014-10-16 12:59:11 +0530
Served asset /jquery_ujs.js - 304 Not Modified (0ms)


Started GET "/assets/students.css?body=1" for 127.0.0.1 at 2014-10-16 12:59:11 +0530
Served asset /students.css - 304 Not Modified (0ms)


Started GET "/assets/application.js?body=1" for 127.0.0.1 at 2014-10-16 12:59:11 +0530
Served asset /application.js - 304 Not Modified (2ms)


Started GET "/assets/students.js?body=1" for 127.0.0.1 at 2014-10-16 12:59:11 +0530
Served asset /students.js - 304 Not Modified (0ms)


Started POST "/students" for 127.0.0.1 at 2014-10-16 12:59:34 +0530
Processing by StudentsController#create as HTML
  Parameters: {"utf8"=>"✓", "authenticity_token"=>"+RWO5Of4Aw3GwNHog3Vj4nH2DPE9Nm00++5hV52drsE=", "student"=>{"name"=>"suresh", "email"=>"saisuresh@gmail.com", "password"=>"[FILTERED]", "address"=>"hyderabad", "image"=>#<ActionDispatch::Http::UploadedFile:0x007fa12c00f7d8 @original_filename="20141003_093707(1).jpg", @content_type="image/jpeg", @headers="Content-Disposition: form-data; name=\"student[image]\"; filename=\"20141003_093707(1).jpg\"\r\nContent-Type: image/jpeg\r\n", @tempfile=#<File:/tmp/RackMultipart20141016-4741-qwwbrp>>}, "commit"=>"submit"}
  [1m[36m (0.1ms)[0m  [1mBEGIN[0m
  [1m[35m (0.2ms)[0m  ROLLBACK
Completed 500 Internal Server Error in 3ms

NoMethodError (undefined method `name' for nil:NilClass):
  app/controllers/students_controller.rb:7:in `create'


  Rendered /home/raman/.rvm/gems/ruby-1.9.3-p448@mobilous/gems/actionpack-3.2.13/lib/action_dispatch/middleware/templates/rescues/_trace.erb (1.3ms)
  Rendered /home/raman/.rvm/gems/ruby-1.9.3-p448@mobilous/gems/actionpack-3.2.13/lib/action_dispatch/middleware/templates/rescues/_request_and_response.erb (1.1ms)
  Rendered /home/raman/.rvm/gems/ruby-1.9.3-p448@mobilous/gems/actionpack-3.2.13/lib/action_dispatch/middleware/templates/rescues/diagnostics.erb within rescues/layout (7.8ms)


Started GET "/students/new" for 127.0.0.1 at 2014-10-16 12:59:55 +0530
Processing by StudentsController#new as HTML
ERROR: compiling _app_views_students_new_html_erb__1186084314119855532_70165171546720 RAISED /home/raman/paper/app/views/students/new.html.erb:1: syntax error, unexpected keyword_do_block
....append=  form_for @student, do |f| @output_buffer.safe_conc...
...                               ^
/home/raman/paper/app/views/students/new.html.erb:14: syntax error, unexpected keyword_ensure, expecting $end
Function body:           def _app_views_students_new_html_erb__1186084314119855532_70165171546720(local_assigns, output_buffer)
            _old_virtual_path, @virtual_path = @virtual_path, "students/new";_old_output_buffer = @output_buffer;;@output_buffer = output_buffer || ActionView::OutputBuffer.new;@output_buffer.append=  form_for @student, do |f| @output_buffer.safe_concat('
');@output_buffer.safe_concat('	');@output_buffer.append= ( f.label "name" );@output_buffer.safe_concat('
');@output_buffer.safe_concat('	');@output_buffer.append= ( f.text_field :name );@output_buffer.safe_concat('</br>
	');@output_buffer.append= ( f.label :email );@output_buffer.safe_concat('
');@output_buffer.safe_concat('	');@output_buffer.append= ( f.text_field :email );@output_buffer.safe_concat('</br>
	');@output_buffer.append= ( f.label :password );@output_buffer.safe_concat('
');@output_buffer.safe_concat('	');@output_buffer.append= ( f.password_field :password );@output_buffer.safe_concat('</br>
	');@output_buffer.append= ( f.label :address );@output_buffer.safe_concat('
');@output_buffer.safe_concat('	');@output_buffer.append= ( f.text_field :address );@output_buffer.safe_concat('</br>
	');@output_buffer.append= ( f.label :image );@output_buffer.safe_concat('
');@output_buffer.safe_concat('	');@output_buffer.append= ( f.file_field :image );@output_buffer.safe_concat('</br>
	');@output_buffer.append= ( f.submit "submit" );@output_buffer.safe_concat('
');end;@output_buffer.to_s
          ensure
            @virtual_path, @output_buffer = _old_virtual_path, _old_output_buffer
          end

Backtrace: /home/raman/.rvm/gems/ruby-1.9.3-p448@mobilous/gems/actionpack-3.2.13/lib/action_view/template.rb:297:in `module_eval'
/home/raman/.rvm/gems/ruby-1.9.3-p448@mobilous/gems/actionpack-3.2.13/lib/action_view/template.rb:297:in `compile'
/home/raman/.rvm/gems/ruby-1.9.3-p448@mobilous/gems/actionpack-3.2.13/lib/action_view/template.rb:244:in `block in compile!'
<internal:prelude>:10:in `synchronize'
/home/raman/.rvm/gems/ruby-1.9.3-p448@mobilous/gems/actionpack-3.2.13/lib/action_view/template.rb:232:in `compile!'
/home/raman/.rvm/gems/ruby-1.9.3-p448@mobilous/gems/actionpack-3.2.13/lib/action_view/template.rb:144:in `block in render'
/home/raman/.rvm/gems/ruby-1.9.3-p448@mobilous/gems/activesupport-3.2.13/lib/active_support/notifications.rb:125:in `instrument'
/home/raman/.rvm/gems/ruby-1.9.3-p448@mobilous/gems/actionpack-3.2.13/lib/action_view/template.rb:143:in `render'
/home/raman/.rvm/gems/ruby-1.9.3-p448@mobilous/gems/actionpack-3.2.13/lib/action_view/renderer/template_renderer.rb:47:in `block (2 levels) in render_template'
/home/raman/.rvm/gems/ruby-1.9.3-p448@mobilous/gems/actionpack-3.2.13/lib/action_view/renderer/abstract_renderer.rb:38:in `block in instrument'
/home/raman/.rvm/gems/ruby-1.9.3-p448@mobilous/gems/activesupport-3.2.13/lib/active_support/notifications.rb:123:in `block in instrument'
/home/raman/.rvm/gems/ruby-1.9.3-p448@mobilous/gems/activesupport-3.2.13/lib/active_support/notifications/instrumenter.rb:20:in `instrument'
/home/raman/.rvm/gems/ruby-1.9.3-p448@mobilous/gems/activesupport-3.2.13/lib/active_support/notifications.rb:123:in `instrument'
/home/raman/.rvm/gems/ruby-1.9.3-p448@mobilous/gems/actionpack-3.2.13/lib/action_view/renderer/abstract_renderer.rb:38:in `instrument'
/home/raman/.rvm/gems/ruby-1.9.3-p448@mobilous/gems/actionpack-3.2.13/lib/action_view/renderer/template_renderer.rb:46:in `block in render_template'
/home/raman/.rvm/gems/ruby-1.9.3-p448@mobilous/gems/actionpack-3.2.13/lib/action_view/renderer/template_renderer.rb:54:in `render_with_layout'
/home/raman/.rvm/gems/ruby-1.9.3-p448@mobilous/gems/actionpack-3.2.13/lib/action_view/renderer/template_renderer.rb:45:in `render_template'
/home/raman/.rvm/gems/ruby-1.9.3-p448@mobilous/gems/actionpack-3.2.13/lib/action_view/renderer/template_renderer.rb:18:in `render'
/home/raman/.rvm/gems/ruby-1.9.3-p448@mobilous/gems/actionpack-3.2.13/lib/action_view/renderer/renderer.rb:36:in `render_template'
/home/raman/.rvm/gems/ruby-1.9.3-p448@mobilous/gems/actionpack-3.2.13/lib/action_view/renderer/renderer.rb:17:in `render'
/home/raman/.rvm/gems/ruby-1.9.3-p448@mobilous/gems/actionpack-3.2.13/lib/abstract_controller/rendering.rb:110:in `_render_template'
/home/raman/.rvm/gems/ruby-1.9.3-p448@mobilous/gems/actionpack-3.2.13/lib/action_controller/metal/streaming.rb:225:in `_render_template'
/home/raman/.rvm/gems/ruby-1.9.3-p448@mobilous/gems/actionpack-3.2.13/lib/abstract_controller/rendering.rb:103:in `render_to_body'
/home/raman/.rvm/gems/ruby-1.9.3-p448@mobilous/gems/actionpack-3.2.13/lib/action_controller/metal/renderers.rb:28:in `render_to_body'
/home/raman/.rvm/gems/ruby-1.9.3-p448@mobilous/gems/actionpack-3.2.13/lib/action_controller/metal/compatibility.rb:50:in `render_to_body'
/home/raman/.rvm/gems/ruby-1.9.3-p448@mobilous/gems/actionpack-3.2.13/lib/abstract_controller/rendering.rb:88:in `render'
/home/raman/.rvm/gems/ruby-1.9.3-p448@mobilous/gems/actionpack-3.2.13/lib/action_controller/metal/rendering.rb:16:in `render'
/home/raman/.rvm/gems/ruby-1.9.3-p448@mobilous/gems/actionpack-3.2.13/lib/action_controller/metal/instrumentation.rb:40:in `block (2 levels) in render'
/home/raman/.rvm/gems/ruby-1.9.3-p448@mobilous/gems/activesupport-3.2.13/lib/active_support/core_ext/benchmark.rb:5:in `block in ms'
/home/raman/.rvm/rubies/ruby-1.9.3-p448/lib/ruby/1.9.1/benchmark.rb:295:in `realtime'
/home/raman/.rvm/gems/ruby-1.9.3-p448@mobilous/gems/activesupport-3.2.13/lib/active_support/core_ext/benchmark.rb:5:in `ms'
/home/raman/.rvm/gems/ruby-1.9.3-p448@mobilous/gems/actionpack-3.2.13/lib/action_controller/metal/instrumentation.rb:40:in `block in render'
/home/raman/.rvm/gems/ruby-1.9.3-p448@mobilous/gems/actionpack-3.2.13/lib/action_controller/metal/instrumentation.rb:83:in `cleanup_view_runtime'
/home/raman/.rvm/gems/ruby-1.9.3-p448@mobilous/gems/activerecord-3.2.13/lib/active_record/railties/controller_runtime.rb:24:in `cleanup_view_runtime'
/home/raman/.rvm/gems/ruby-1.9.3-p448@mobilous/gems/actionpack-3.2.13/lib/action_controller/metal/instrumentation.rb:39:in `render'
/home/raman/.rvm/gems/ruby-1.9.3-p448@mobilous/gems/actionpack-3.2.13/lib/action_controller/metal/implicit_render.rb:10:in `default_render'
/home/raman/.rvm/gems/ruby-1.9.3-p448@mobilous/gems/actionpack-3.2.13/lib/action_controller/metal/implicit_render.rb:5:in `send_action'
/home/raman/.rvm/gems/ruby-1.9.3-p448@mobilous/gems/actionpack-3.2.13/lib/abstract_controller/base.rb:167:in `process_action'
/home/raman/.rvm/gems/ruby-1.9.3-p448@mobilous/gems/actionpack-3.2.13/lib/action_controller/metal/rendering.rb:10:in `process_action'
/home/raman/.rvm/gems/ruby-1.9.3-p448@mobilous/gems/actionpack-3.2.13/lib/abstract_controller/callbacks.rb:18:in `block in process_action'
/home/raman/.rvm/gems/ruby-1.9.3-p448@mobilous/gems/activesupport-3.2.13/lib/active_support/callbacks.rb:414:in `_run__3037205589553929647__process_action__2683553220142448136__callbacks'
/home/raman/.rvm/gems/ruby-1.9.3-p448@mobilous/gems/activesupport-3.2.13/lib/active_support/callbacks.rb:405:in `__run_callback'
/home/raman/.rvm/gems/ruby-1.9.3-p448@mobilous/gems/activesupport-3.2.13/lib/active_support/callbacks.rb:385:in `_run_process_action_callbacks'
/home/raman/.rvm/gems/ruby-1.9.3-p448@mobilous/gems/activesupport-3.2.13/lib/active_support/callbacks.rb:81:in `run_callbacks'
/home/raman/.rvm/gems/ruby-1.9.3-p448@mobilous/gems/actionpack-3.2.13/lib/abstract_controller/callbacks.rb:17:in `process_action'
/home/raman/.rvm/gems/ruby-1.9.3-p448@mobilous/gems/actionpack-3.2.13/lib/action_controller/metal/rescue.rb:29:in `process_action'
/home/raman/.rvm/gems/ruby-1.9.3-p448@mobilous/gems/actionpack-3.2.13/lib/action_controller/metal/instrumentation.rb:30:in `block in process_action'
/home/raman/.rvm/gems/ruby-1.9.3-p448@mobilous/gems/activesupport-3.2.13/lib/active_support/notifications.rb:123:in `block in instrument'
/home/raman/.rvm/gems/ruby-1.9.3-p448@mobilous/gems/activesupport-3.2.13/lib/active_support/notifications/instrumenter.rb:20:in `instrument'
/home/raman/.rvm/gems/ruby-1.9.3-p448@mobilous/gems/activesupport-3.2.13/lib/active_support/notifications.rb:123:in `instrument'
/home/raman/.rvm/gems/ruby-1.9.3-p448@mobilous/gems/actionpack-3.2.13/lib/action_controller/metal/instrumentation.rb:29:in `process_action'
/home/raman/.rvm/gems/ruby-1.9.3-p448@mobilous/gems/actionpack-3.2.13/lib/action_controller/metal/params_wrapper.rb:207:in `process_action'
/home/raman/.rvm/gems/ruby-1.9.3-p448@mobilous/gems/activerecord-3.2.13/lib/active_record/railties/controller_runtime.rb:18:in `process_action'
/home/raman/.rvm/gems/ruby-1.9.3-p448@mobilous/gems/actionpack-3.2.13/lib/abstract_controller/base.rb:121:in `process'
/home/raman/.rvm/gems/ruby-1.9.3-p448@mobilous/gems/actionpack-3.2.13/lib/abstract_controller/rendering.rb:45:in `process'
/home/raman/.rvm/gems/ruby-1.9.3-p448@mobilous/gems/actionpack-3.2.13/lib/action_controller/metal.rb:203:in `dispatch'
/home/raman/.rvm/gems/ruby-1.9.3-p448@mobilous/gems/actionpack-3.2.13/lib/action_controller/metal/rack_delegation.rb:14:in `dispatch'
/home/raman/.rvm/gems/ruby-1.9.3-p448@mobilous/gems/actionpack-3.2.13/lib/action_controller/metal.rb:246:in `block in action'
/home/raman/.rvm/gems/ruby-1.9.3-p448@mobilous/gems/actionpack-3.2.13/lib/action_dispatch/routing/route_set.rb:73:in `call'
/home/raman/.rvm/gems/ruby-1.9.3-p448@mobilous/gems/actionpack-3.2.13/lib/action_dispatch/routing/route_set.rb:73:in `dispatch'
/home/raman/.rvm/gems/ruby-1.9.3-p448@mobilous/gems/actionpack-3.2.13/lib/action_dispatch/routing/route_set.rb:36:in `call'
/home/raman/.rvm/gems/ruby-1.9.3-p448@mobilous/gems/journey-1.0.4/lib/journey/router.rb:68:in `block in call'
/home/raman/.rvm/gems/ruby-1.9.3-p448@mobilous/gems/journey-1.0.4/lib/journey/router.rb:56:in `each'
/home/raman/.rvm/gems/ruby-1.9.3-p448@mobilous/gems/journey-1.0.4/lib/journey/router.rb:56:in `call'
/home/raman/.rvm/gems/ruby-1.9.3-p448@mobilous/gems/actionpack-3.2.13/lib/action_dispatch/routing/route_set.rb:612:in `call'
/home/raman/.rvm/gems/ruby-1.9.3-p448@mobilous/gems/actionpack-3.2.13/lib/action_dispatch/middleware/best_standards_support.rb:17:in `call'
/home/raman/.rvm/gems/ruby-1.9.3-p448@mobilous/gems/rack-1.4.5/lib/rack/etag.rb:23:in `call'
/home/raman/.rvm/gems/ruby-1.9.3-p448@mobilous/gems/rack-1.4.5/lib/rack/conditionalget.rb:25:in `call'
/home/raman/.rvm/gems/ruby-1.9.3-p448@mobilous/gems/actionpack-3.2.13/lib/action_dispatch/middleware/head.rb:14:in `call'
/home/raman/.rvm/gems/ruby-1.9.3-p448@mobilous/gems/actionpack-3.2.13/lib/action_dispatch/middleware/params_parser.rb:21:in `call'
/home/raman/.rvm/gems/ruby-1.9.3-p448@mobilous/gems/actionpack-3.2.13/lib/action_dispatch/middleware/flash.rb:242:in `call'
/home/raman/.rvm/gems/ruby-1.9.3-p448@mobilous/gems/rack-1.4.5/lib/rack/session/abstract/id.rb:210:in `context'
/home/raman/.rvm/gems/ruby-1.9.3-p448@mobilous/gems/rack-1.4.5/lib/rack/session/abstract/id.rb:205:in `call'
/home/raman/.rvm/gems/ruby-1.9.3-p448@mobilous/gems/actionpack-3.2.13/lib/action_dispatch/middleware/cookies.rb:341:in `call'
/home/raman/.rvm/gems/ruby-1.9.3-p448@mobilous/gems/activerecord-3.2.13/lib/active_record/query_cache.rb:64:in `call'
/home/raman/.rvm/gems/ruby-1.9.3-p448@mobilous/gems/activerecord-3.2.13/lib/active_record/connection_adapters/abstract/connection_pool.rb:479:in `call'
/home/raman/.rvm/gems/ruby-1.9.3-p448@mobilous/gems/actionpack-3.2.13/lib/action_dispatch/middleware/callbacks.rb:28:in `block in call'
/home/raman/.rvm/gems/ruby-1.9.3-p448@mobilous/gems/activesupport-3.2.13/lib/active_support/callbacks.rb:405:in `_run__4510267215445185930__call__1458460380544791187__callbacks'
/home/raman/.rvm/gems/ruby-1.9.3-p448@mobilous/gems/activesupport-3.2.13/lib/active_support/callbacks.rb:405:in `__run_callback'
/home/raman/.rvm/gems/ruby-1.9.3-p448@mobilous/gems/activesupport-3.2.13/lib/active_support/callbacks.rb:385:in `_run_call_callbacks'
/home/raman/.rvm/gems/ruby-1.9.3-p448@mobilous/gems/activesupport-3.2.13/lib/active_support/callbacks.rb:81:in `run_callbacks'
/home/raman/.rvm/gems/ruby-1.9.3-p448@mobilous/gems/actionpack-3.2.13/lib/action_dispatch/middleware/callbacks.rb:27:in `call'
/home/raman/.rvm/gems/ruby-1.9.3-p448@mobilous/gems/actionpack-3.2.13/lib/action_dispatch/middleware/reloader.rb:65:in `call'
/home/raman/.rvm/gems/ruby-1.9.3-p448@mobilous/gems/actionpack-3.2.13/lib/action_dispatch/middleware/remote_ip.rb:31:in `call'
/home/raman/.rvm/gems/ruby-1.9.3-p448@mobilous/gems/actionpack-3.2.13/lib/action_dispatch/middleware/debug_exceptions.rb:16:in `call'
/home/raman/.rvm/gems/ruby-1.9.3-p448@mobilous/gems/actionpack-3.2.13/lib/action_dispatch/middleware/show_exceptions.rb:56:in `call'
/home/raman/.rvm/gems/ruby-1.9.3-p448@mobilous/gems/railties-3.2.13/lib/rails/rack/logger.rb:32:in `call_app'
/home/raman/.rvm/gems/ruby-1.9.3-p448@mobilous/gems/railties-3.2.13/lib/rails/rack/logger.rb:16:in `block in call'
/home/raman/.rvm/gems/ruby-1.9.3-p448@mobilous/gems/activesupport-3.2.13/lib/active_support/tagged_logging.rb:22:in `tagged'
/home/raman/.rvm/gems/ruby-1.9.3-p448@mobilous/gems/railties-3.2.13/lib/rails/rack/logger.rb:16:in `call'
/home/raman/.rvm/gems/ruby-1.9.3-p448@mobilous/gems/actionpack-3.2.13/lib/action_dispatch/middleware/request_id.rb:22:in `call'
/home/raman/.rvm/gems/ruby-1.9.3-p448@mobilous/gems/rack-1.4.5/lib/rack/methodoverride.rb:21:in `call'
/home/raman/.rvm/gems/ruby-1.9.3-p448@mobilous/gems/rack-1.4.5/lib/rack/runtime.rb:17:in `call'
/home/raman/.rvm/gems/ruby-1.9.3-p448@mobilous/gems/activesupport-3.2.13/lib/active_support/cache/strategy/local_cache.rb:72:in `call'
/home/raman/.rvm/gems/ruby-1.9.3-p448@mobilous/gems/rack-1.4.5/lib/rack/lock.rb:15:in `call'
/home/raman/.rvm/gems/ruby-1.9.3-p448@mobilous/gems/actionpack-3.2.13/lib/action_dispatch/middleware/static.rb:63:in `call'
/home/raman/.rvm/gems/ruby-1.9.3-p448@mobilous/gems/railties-3.2.13/lib/rails/engine.rb:479:in `call'
/home/raman/.rvm/gems/ruby-1.9.3-p448@mobilous/gems/railties-3.2.13/lib/rails/application.rb:223:in `call'
/home/raman/.rvm/gems/ruby-1.9.3-p448@mobilous/gems/rack-1.4.5/lib/rack/content_length.rb:14:in `call'
/home/raman/.rvm/gems/ruby-1.9.3-p448@mobilous/gems/railties-3.2.13/lib/rails/rack/log_tailer.rb:17:in `call'
/home/raman/.rvm/gems/ruby-1.9.3-p448@mobilous/gems/rack-1.4.5/lib/rack/handler/webrick.rb:59:in `service'
/home/raman/.rvm/rubies/ruby-1.9.3-p448/lib/ruby/1.9.1/webrick/httpserver.rb:138:in `service'
/home/raman/.rvm/rubies/ruby-1.9.3-p448/lib/ruby/1.9.1/webrick/httpserver.rb:94:in `run'
/home/raman/.rvm/rubies/ruby-1.9.3-p448/lib/ruby/1.9.1/webrick/server.rb:191:in `block in start_thread'
  Rendered students/new.html.erb within layouts/application (12.6ms)
Completed 500 Internal Server Error in 15ms

ActionView::Template::Error (/home/raman/paper/app/views/students/new.html.erb:1: syntax error, unexpected keyword_do_block
....append=  form_for @student, do |f| @output_buffer.safe_conc...
...                               ^
/home/raman/paper/app/views/students/new.html.erb:14: syntax error, unexpected keyword_ensure, expecting $end):
    1: <%= form_for @student, do |f| %>
    2: 	<%= f.label "name" %>
    3: 	<%= f.text_field :name %></br>
    4: 	<%= f.label :email %>
  actionpack (3.2.13) lib/action_view/template.rb:297:in `module_eval'
  actionpack (3.2.13) lib/action_view/template.rb:297:in `compile'
  actionpack (3.2.13) lib/action_view/template.rb:244:in `block in compile!'
  <internal:prelude>:10:in `synchronize'
  actionpack (3.2.13) lib/action_view/template.rb:232:in `compile!'
  actionpack (3.2.13) lib/action_view/template.rb:144:in `block in render'
  activesupport (3.2.13) lib/active_support/notifications.rb:125:in `instrument'
  actionpack (3.2.13) lib/action_view/template.rb:143:in `render'
  actionpack (3.2.13) lib/action_view/renderer/template_renderer.rb:47:in `block (2 levels) in render_template'
  actionpack (3.2.13) lib/action_view/renderer/abstract_renderer.rb:38:in `block in instrument'
  activesupport (3.2.13) lib/active_support/notifications.rb:123:in `block in instrument'
  activesupport (3.2.13) lib/active_support/notifications/instrumenter.rb:20:in `instrument'
  activesupport (3.2.13) lib/active_support/notifications.rb:123:in `instrument'
  actionpack (3.2.13) lib/action_view/renderer/abstract_renderer.rb:38:in `instrument'
  actionpack (3.2.13) lib/action_view/renderer/template_renderer.rb:46:in `block in render_template'
  actionpack (3.2.13) lib/action_view/renderer/template_renderer.rb:54:in `render_with_layout'
  actionpack (3.2.13) lib/action_view/renderer/template_renderer.rb:45:in `render_template'
  actionpack (3.2.13) lib/action_view/renderer/template_renderer.rb:18:in `render'
  actionpack (3.2.13) lib/action_view/renderer/renderer.rb:36:in `render_template'
  actionpack (3.2.13) lib/action_view/renderer/renderer.rb:17:in `render'
  actionpack (3.2.13) lib/abstract_controller/rendering.rb:110:in `_render_template'
  actionpack (3.2.13) lib/action_controller/metal/streaming.rb:225:in `_render_template'
  actionpack (3.2.13) lib/abstract_controller/rendering.rb:103:in `render_to_body'
  actionpack (3.2.13) lib/action_controller/metal/renderers.rb:28:in `render_to_body'
  actionpack (3.2.13) lib/action_controller/metal/compatibility.rb:50:in `render_to_body'
  actionpack (3.2.13) lib/abstract_controller/rendering.rb:88:in `render'
  actionpack (3.2.13) lib/action_controller/metal/rendering.rb:16:in `render'
  actionpack (3.2.13) lib/action_controller/metal/instrumentation.rb:40:in `block (2 levels) in render'
  activesupport (3.2.13) lib/active_support/core_ext/benchmark.rb:5:in `block in ms'
  /home/raman/.rvm/rubies/ruby-1.9.3-p448/lib/ruby/1.9.1/benchmark.rb:295:in `realtime'
  activesupport (3.2.13) lib/active_support/core_ext/benchmark.rb:5:in `ms'
  actionpack (3.2.13) lib/action_controller/metal/instrumentation.rb:40:in `block in render'
  actionpack (3.2.13) lib/action_controller/metal/instrumentation.rb:83:in `cleanup_view_runtime'
  activerecord (3.2.13) lib/active_record/railties/controller_runtime.rb:24:in `cleanup_view_runtime'
  actionpack (3.2.13) lib/action_controller/metal/instrumentation.rb:39:in `render'
  actionpack (3.2.13) lib/action_controller/metal/implicit_render.rb:10:in `default_render'
  actionpack (3.2.13) lib/action_controller/metal/implicit_render.rb:5:in `send_action'
  actionpack (3.2.13) lib/abstract_controller/base.rb:167:in `process_action'
  actionpack (3.2.13) lib/action_controller/metal/rendering.rb:10:in `process_action'
  actionpack (3.2.13) lib/abstract_controller/callbacks.rb:18:in `block in process_action'
  activesupport (3.2.13) lib/active_support/callbacks.rb:414:in `_run__3037205589553929647__process_action__2683553220142448136__callbacks'
  activesupport (3.2.13) lib/active_support/callbacks.rb:405:in `__run_callback'
  activesupport (3.2.13) lib/active_support/callbacks.rb:385:in `_run_process_action_callbacks'
  activesupport (3.2.13) lib/active_support/callbacks.rb:81:in `run_callbacks'
  actionpack (3.2.13) lib/abstract_controller/callbacks.rb:17:in `process_action'
  actionpack (3.2.13) lib/action_controller/metal/rescue.rb:29:in `process_action'
  actionpack (3.2.13) lib/action_controller/metal/instrumentation.rb:30:in `block in process_action'
  activesupport (3.2.13) lib/active_support/notifications.rb:123:in `block in instrument'
  activesupport (3.2.13) lib/active_support/notifications/instrumenter.rb:20:in `instrument'
  activesupport (3.2.13) lib/active_support/notifications.rb:123:in `instrument'
  actionpack (3.2.13) lib/action_controller/metal/instrumentation.rb:29:in `process_action'
  actionpack (3.2.13) lib/action_controller/metal/params_wrapper.rb:207:in `process_action'
  activerecord (3.2.13) lib/active_record/railties/controller_runtime.rb:18:in `process_action'
  actionpack (3.2.13) lib/abstract_controller/base.rb:121:in `process'
  actionpack (3.2.13) lib/abstract_controller/rendering.rb:45:in `process'
  actionpack (3.2.13) lib/action_controller/metal.rb:203:in `dispatch'
  actionpack (3.2.13) lib/action_controller/metal/rack_delegation.rb:14:in `dispatch'
  actionpack (3.2.13) lib/action_controller/metal.rb:246:in `block in action'
  actionpack (3.2.13) lib/action_dispatch/routing/route_set.rb:73:in `call'
  actionpack (3.2.13) lib/action_dispatch/routing/route_set.rb:73:in `dispatch'
  actionpack (3.2.13) lib/action_dispatch/routing/route_set.rb:36:in `call'
  journey (1.0.4) lib/journey/router.rb:68:in `block in call'
  journey (1.0.4) lib/journey/router.rb:56:in `each'
  journey (1.0.4) lib/journey/router.rb:56:in `call'
  actionpack (3.2.13) lib/action_dispatch/routing/route_set.rb:612:in `call'
  actionpack (3.2.13) lib/action_dispatch/middleware/best_standards_support.rb:17:in `call'
  rack (1.4.5) lib/rack/etag.rb:23:in `call'
  rack (1.4.5) lib/rack/conditionalget.rb:25:in `call'
  actionpack (3.2.13) lib/action_dispatch/middleware/head.rb:14:in `call'
  actionpack (3.2.13) lib/action_dispatch/middleware/params_parser.rb:21:in `call'
  actionpack (3.2.13) lib/action_dispatch/middleware/flash.rb:242:in `call'
  rack (1.4.5) lib/rack/session/abstract/id.rb:210:in `context'
  rack (1.4.5) lib/rack/session/abstract/id.rb:205:in `call'
  actionpack (3.2.13) lib/action_dispatch/middleware/cookies.rb:341:in `call'
  activerecord (3.2.13) lib/active_record/query_cache.rb:64:in `call'
  activerecord (3.2.13) lib/active_record/connection_adapters/abstract/connection_pool.rb:479:in `call'
  actionpack (3.2.13) lib/action_dispatch/middleware/callbacks.rb:28:in `block in call'
  activesupport (3.2.13) lib/active_support/callbacks.rb:405:in `_run__4510267215445185930__call__1458460380544791187__callbacks'
  activesupport (3.2.13) lib/active_support/callbacks.rb:405:in `__run_callback'
  activesupport (3.2.13) lib/active_support/callbacks.rb:385:in `_run_call_callbacks'
  activesupport (3.2.13) lib/active_support/callbacks.rb:81:in `run_callbacks'
  actionpack (3.2.13) lib/action_dispatch/middleware/callbacks.rb:27:in `call'
  actionpack (3.2.13) lib/action_dispatch/middleware/reloader.rb:65:in `call'
  actionpack (3.2.13) lib/action_dispatch/middleware/remote_ip.rb:31:in `call'
  actionpack (3.2.13) lib/action_dispatch/middleware/debug_exceptions.rb:16:in `call'
  actionpack (3.2.13) lib/action_dispatch/middleware/show_exceptions.rb:56:in `call'
  railties (3.2.13) lib/rails/rack/logger.rb:32:in `call_app'
  railties (3.2.13) lib/rails/rack/logger.rb:16:in `block in call'
  activesupport (3.2.13) lib/active_support/tagged_logging.rb:22:in `tagged'
  railties (3.2.13) lib/rails/rack/logger.rb:16:in `call'
  actionpack (3.2.13) lib/action_dispatch/middleware/request_id.rb:22:in `call'
  rack (1.4.5) lib/rack/methodoverride.rb:21:in `call'
  rack (1.4.5) lib/rack/runtime.rb:17:in `call'
  activesupport (3.2.13) lib/active_support/cache/strategy/local_cache.rb:72:in `call'
  rack (1.4.5) lib/rack/lock.rb:15:in `call'
  actionpack (3.2.13) lib/action_dispatch/middleware/static.rb:63:in `call'
  railties (3.2.13) lib/rails/engine.rb:479:in `call'
  railties (3.2.13) lib/rails/application.rb:223:in `call'
  rack (1.4.5) lib/rack/content_length.rb:14:in `call'
  railties (3.2.13) lib/rails/rack/log_tailer.rb:17:in `call'
  rack (1.4.5) lib/rack/handler/webrick.rb:59:in `service'
  /home/raman/.rvm/rubies/ruby-1.9.3-p448/lib/ruby/1.9.1/webrick/httpserver.rb:138:in `service'
  /home/raman/.rvm/rubies/ruby-1.9.3-p448/lib/ruby/1.9.1/webrick/httpserver.rb:94:in `run'
  /home/raman/.rvm/rubies/ruby-1.9.3-p448/lib/ruby/1.9.1/webrick/server.rb:191:in `block in start_thread'


  Rendered /home/raman/.rvm/gems/ruby-1.9.3-p448@mobilous/gems/actionpack-3.2.13/lib/action_dispatch/middleware/templates/rescues/_trace.erb (1.4ms)
  Rendered /home/raman/.rvm/gems/ruby-1.9.3-p448@mobilous/gems/actionpack-3.2.13/lib/action_dispatch/middleware/templates/rescues/_request_and_response.erb (1.2ms)
  Rendered /home/raman/.rvm/gems/ruby-1.9.3-p448@mobilous/gems/actionpack-3.2.13/lib/action_dispatch/middleware/templates/rescues/template_error.erb within rescues/layout (8.7ms)


Started GET "/students/new" for 127.0.0.1 at 2014-10-16 13:00:26 +0530
Processing by StudentsController#new as HTML
  Rendered students/new.html.erb within layouts/application (3.7ms)
Completed 200 OK in 33ms (Views: 33.1ms | ActiveRecord: 0.0ms)


Started GET "/assets/application.css?body=1" for 127.0.0.1 at 2014-10-16 13:00:26 +0530
Served asset /application.css - 304 Not Modified (3ms)


Started GET "/assets/students.css?body=1" for 127.0.0.1 at 2014-10-16 13:00:26 +0530
Served asset /students.css - 304 Not Modified (0ms)


Started GET "/assets/students.js?body=1" for 127.0.0.1 at 2014-10-16 13:00:26 +0530
Served asset /students.js - 304 Not Modified (0ms)


Started GET "/assets/jquery_ujs.js?body=1" for 127.0.0.1 at 2014-10-16 13:00:26 +0530
Served asset /jquery_ujs.js - 304 Not Modified (0ms)


Started GET "/assets/jquery.js?body=1" for 127.0.0.1 at 2014-10-16 13:00:26 +0530
Served asset /jquery.js - 304 Not Modified (2ms)


Started GET "/assets/application.js?body=1" for 127.0.0.1 at 2014-10-16 13:00:26 +0530
Served asset /application.js - 304 Not Modified (4ms)


Started POST "/students" for 127.0.0.1 at 2014-10-16 13:01:46 +0530
Processing by StudentsController#create as HTML
  Parameters: {"utf8"=>"✓", "authenticity_token"=>"+RWO5Of4Aw3GwNHog3Vj4nH2DPE9Nm00++5hV52drsE=", "student"=>{"name"=>"suresh", "email"=>"saisuresh@gmail.com", "password"=>"[FILTERED]", "address"=>"hyderabad", "image"=>#<ActionDispatch::Http::UploadedFile:0x007fa11c1a8a50 @original_filename="20141003_093707(1).jpg", @content_type="image/jpeg", @headers="Content-Disposition: form-data; name=\"student[image]\"; filename=\"20141003_093707(1).jpg\"\r\nContent-Type: image/jpeg\r\n", @tempfile=#<File:/tmp/RackMultipart20141016-4741-tzx3bo>>}, "commit"=>"submit"}
  [1m[36m (0.1ms)[0m  [1mBEGIN[0m
  [1m[35m (0.2ms)[0m  ROLLBACK
Completed 500 Internal Server Error in 19ms

NoMethodError (undefined method `name' for nil:NilClass):
  app/controllers/students_controller.rb:7:in `create'


  Rendered /home/raman/.rvm/gems/ruby-1.9.3-p448@mobilous/gems/actionpack-3.2.13/lib/action_dispatch/middleware/templates/rescues/_trace.erb (1.5ms)
  Rendered /home/raman/.rvm/gems/ruby-1.9.3-p448@mobilous/gems/actionpack-3.2.13/lib/action_dispatch/middleware/templates/rescues/_request_and_response.erb (1.2ms)
  Rendered /home/raman/.rvm/gems/ruby-1.9.3-p448@mobilous/gems/actionpack-3.2.13/lib/action_dispatch/middleware/templates/rescues/diagnostics.erb within rescues/layout (8.6ms)


Started POST "/students" for 127.0.0.1 at 2014-10-16 13:02:20 +0530
Processing by StudentsController#create as HTML
  Parameters: {"utf8"=>"✓", "authenticity_token"=>"+RWO5Of4Aw3GwNHog3Vj4nH2DPE9Nm00++5hV52drsE=", "student"=>{"name"=>"suresh", "email"=>"saisuresh@gmail.com", "password"=>"[FILTERED]", "address"=>"hyderabad", "image"=>#<ActionDispatch::Http::UploadedFile:0x007fa134534120 @original_filename="20141003_093707(1).jpg", @content_type="image/jpeg", @headers="Content-Disposition: form-data; name=\"student[image]\"; filename=\"20141003_093707(1).jpg\"\r\nContent-Type: image/jpeg\r\n", @tempfile=#<File:/tmp/RackMultipart20141016-4741-161vtud>>}, "commit"=>"submit"}
  [1m[36m (0.2ms)[0m  [1mBEGIN[0m
  [1m[35m (0.2ms)[0m  ROLLBACK
Completed 500 Internal Server Error in 17ms

NoMethodError (undefined method `name' for nil:NilClass):
  app/controllers/students_controller.rb:7:in `create'


  Rendered /home/raman/.rvm/gems/ruby-1.9.3-p448@mobilous/gems/actionpack-3.2.13/lib/action_dispatch/middleware/templates/rescues/_trace.erb (1.3ms)
  Rendered /home/raman/.rvm/gems/ruby-1.9.3-p448@mobilous/gems/actionpack-3.2.13/lib/action_dispatch/middleware/templates/rescues/_request_and_response.erb (1.1ms)
  Rendered /home/raman/.rvm/gems/ruby-1.9.3-p448@mobilous/gems/actionpack-3.2.13/lib/action_dispatch/middleware/templates/rescues/diagnostics.erb within rescues/layout (7.8ms)
